# JRE version: Java(TM) SE Runtime Environment (8.0_45-b15) (build 1.8.0_45-b15)
# Java VM: Java HotSpot(TM) 64-Bit Server VM (25.45-b02 mixed mode windows-amd64 compressed oops)
Heap:
 PSYoungGen      total 31232K, used 1565K [0x00000007bc400000, 0x00000007c0000000, 0x00000007c0000000)
  eden space 23552K, 6% used [0x00000007bc400000,0x00000007bc587570,0x00000007bdb00000)
  from space 7680K, 0% used [0x00000007bf880000,0x00000007bf880000,0x00000007c0000000)
  to   space 18944K, 0% used [0x00000007bdb00000,0x00000007bdb00000,0x00000007bed80000)
 ParOldGen       total 123904K, used 26701K [0x0000000700000000, 0x0000000707900000, 0x00000007bc400000)
  object space 123904K, 21% used [0x0000000700000000,0x0000000701a135c8,0x0000000707900000)
 Metaspace       used 35036K, capacity 35341K, committed 35672K, reserved 1079296K
  class space    used 4981K, capacity 5066K, committed 5120K, reserved 1048576K
GC Heap History (10 events):
Event: 2.136 GC heap before
{Heap before GC invocations=4 (full 1):
 PSYoungGen      total 53760K, used 7679K [0x00000007bc400000, 0x00000007c0000000, 0x00000007c0000000)
  eden space 46080K, 0% used [0x00000007bc400000,0x00000007bc400000,0x00000007bf100000)
  from space 7680K, 99% used [0x00000007bf100000,0x00000007bf87ff00,0x00000007bf880000)
  to   space 7680K, 0% used [0x00000007bf880000,0x00000007bf880000,0x00000007c0000000)
 ParOldGen       total 69632K, used 7643K [0x0000000700000000, 0x0000000704400000, 0x00000007bc400000)
  object space 69632K, 10% used [0x0000000700000000,0x0000000700776fb8,0x0000000704400000)
 Metaspace       used 20858K, capacity 21068K, committed 21248K, reserved 1069056K
  class space    used 2470K, capacity 2544K, committed 2560K, reserved 1048576K
Event: 2.187 GC heap after
Heap after GC invocations=4 (full 1):
 PSYoungGen      total 53760K, used 0K [0x00000007bc400000, 0x00000007c0000000, 0x00000007c0000000)
  eden space 46080K, 0% used [0x00000007bc400000,0x00000007bc400000,0x00000007bf100000)
  from space 7680K, 0% used [0x00000007bf100000,0x00000007bf100000,0x00000007bf880000)
  to   space 7680K, 0% used [0x00000007bf880000,0x00000007bf880000,0x00000007c0000000)
 ParOldGen       total 78848K, used 11468K [0x0000000700000000, 0x0000000704d00000, 0x00000007bc400000)
  object space 78848K, 14% used [0x0000000700000000,0x0000000700b331b8,0x0000000704d00000)
 Metaspace       used 20858K, capacity 21068K, committed 21248K, reserved 1069056K
  class space    used 2470K, capacity 2544K, committed 2560K, reserved 1048576K
}
Event: 2.820 GC heap before
{Heap before GC invocations=5 (full 1):
 PSYoungGen      total 53760K, used 46080K [0x00000007bc400000, 0x00000007c0000000, 0x00000007c0000000)
  eden space 46080K, 100% used [0x00000007bc400000,0x00000007bf100000,0x00000007bf100000)
  from space 7680K, 0% used [0x00000007bf100000,0x00000007bf100000,0x00000007bf880000)
  to   space 7680K, 0% used [0x00000007bf880000,0x00000007bf880000,0x00000007c0000000)
 ParOldGen       total 78848K, used 11468K [0x0000000700000000, 0x0000000704d00000, 0x00000007bc400000)
  object space 78848K, 14% used [0x0000000700000000,0x0000000700b331b8,0x0000000704d00000)
 Metaspace       used 25463K, capacity 25734K, committed 26112K, reserved 1073152K
  class space    used 3266K, capacity 3325K, committed 3328K, reserved 1048576K
Event: 2.824 GC heap after
Heap after GC invocations=5 (full 1):
 PSYoungGen      total 53760K, used 7395K [0x00000007bc400000, 0x00000007c0000000, 0x00000007c0000000)
  eden space 46080K, 0% used [0x00000007bc400000,0x00000007bc400000,0x00000007bf100000)
  from space 7680K, 96% used [0x00000007bf880000,0x00000007bffb8c20,0x00000007c0000000)
  to   space 7680K, 0% used [0x00000007bf100000,0x00000007bf100000,0x00000007bf880000)
 ParOldGen       total 78848K, used 11476K [0x0000000700000000, 0x0000000704d00000, 0x00000007bc400000)
  object space 78848K, 14% used [0x0000000700000000,0x0000000700b351b8,0x0000000704d00000)
 Metaspace       used 25463K, capacity 25734K, committed 26112K, reserved 1073152K
  class space    used 3266K, capacity 3325K, committed 3328K, reserved 1048576K
}
Event: 3.705 GC heap before
{Heap before GC invocations=6 (full 1):
 PSYoungGen      total 53760K, used 53440K [0x00000007bc400000, 0x00000007c0000000, 0x00000007c0000000)
  eden space 46080K, 99% used [0x00000007bc400000,0x00000007bf0f76e0,0x00000007bf100000)
  from space 7680K, 96% used [0x00000007bf880000,0x00000007bffb8c20,0x00000007c0000000)
  to   space 7680K, 0% used [0x00000007bf100000,0x00000007bf100000,0x00000007bf880000)
 ParOldGen       total 78848K, used 11629K [0x0000000700000000, 0x0000000704d00000, 0x00000007bc400000)
  object space 78848K, 14% used [0x0000000700000000,0x0000000700b5b7d8,0x0000000704d00000)
 Metaspace       used 32568K, capacity 32929K, committed 33280K, reserved 1077248K
  class space    used 4490K, capacity 4584K, committed 4608K, reserved 1048576K
Event: 3.714 GC heap after
Heap after GC invocations=6 (full 1):
 PSYoungGen      total 53760K, used 7652K [0x00000007bc400000, 0x00000007c0000000, 0x00000007c0000000)
  eden space 46080K, 0% used [0x00000007bc400000,0x00000007bc400000,0x00000007bf100000)
  from space 7680K, 99% used [0x00000007bf100000,0x00000007bf879018,0x00000007bf880000)
  to   space 7680K, 0% used [0x00000007bf880000,0x00000007bf880000,0x00000007c0000000)
 ParOldGen       total 78848K, used 20723K [0x0000000700000000, 0x0000000704d00000, 0x00000007bc400000)
  object space 78848K, 26% used [0x0000000700000000,0x000000070143cd98,0x0000000704d00000)
 Metaspace       used 32568K, capacity 32929K, committed 33280K, reserved 1077248K
  class space    used 4490K, capacity 4584K, committed 4608K, reserved 1048576K
}
Event: 4.258 GC heap before
{Heap before GC invocations=7 (full 1):
 PSYoungGen      total 53760K, used 25468K [0x00000007bc400000, 0x00000007c0000000, 0x00000007c0000000)
  eden space 46080K, 38% used [0x00000007bc400000,0x00000007bd566088,0x00000007bf100000)
  from space 7680K, 99% used [0x00000007bf100000,0x00000007bf879018,0x00000007bf880000)
  to   space 7680K, 0% used [0x00000007bf880000,0x00000007bf880000,0x00000007c0000000)
 ParOldGen       total 78848K, used 20723K [0x0000000700000000, 0x0000000704d00000, 0x00000007bc400000)
  object space 78848K, 26% used [0x0000000700000000,0x000000070143cd98,0x0000000704d00000)
 Metaspace       used 34734K, capacity 35053K, committed 35416K, reserved 1079296K
  class space    used 4944K, capacity 5034K, committed 5120K, reserved 1048576K
Event: 4.265 GC heap after
Heap after GC invocations=7 (full 1):
 PSYoungGen      total 31232K, used 6209K [0x00000007bc400000, 0x00000007c0000000, 0x00000007c0000000)
  eden space 23552K, 0% used [0x00000007bc400000,0x00000007bc400000,0x00000007bdb00000)
  from space 7680K, 80% used [0x00000007bf880000,0x00000007bfe90598,0x00000007c0000000)
  to   space 18944K, 0% used [0x00000007bdb00000,0x00000007bdb00000,0x00000007bed80000)
 ParOldGen       total 78848K, used 30706K [0x0000000700000000, 0x0000000704d00000, 0x00000007bc400000)
  object space 78848K, 38% used [0x0000000700000000,0x0000000701dfc9c8,0x0000000704d00000)
 Metaspace       used 34734K, capacity 35053K, committed 35416K, reserved 1079296K
  class space    used 4944K, capacity 5034K, committed 5120K, reserved 1048576K
}
Event: 4.265 GC heap before
{Heap before GC invocations=8 (full 2):
 PSYoungGen      total 31232K, used 6209K [0x00000007bc400000, 0x00000007c0000000, 0x00000007c0000000)
  eden space 23552K, 0% used [0x00000007bc400000,0x00000007bc400000,0x00000007bdb00000)
  from space 7680K, 80% used [0x00000007bf880000,0x00000007bfe90598,0x00000007c0000000)
  to   space 18944K, 0% used [0x00000007bdb00000,0x00000007bdb00000,0x00000007bed80000)
 ParOldGen       total 78848K, used 30706K [0x0000000700000000, 0x0000000704d00000, 0x00000007bc400000)
  object space 78848K, 38% used [0x0000000700000000,0x0000000701dfc9c8,0x0000000704d00000)
 Metaspace       used 34734K, capacity 35053K, committed 35416K, reserved 1079296K
  class space    used 4944K, capacity 5034K, committed 5120K, reserved 1048576K
Event: 4.302 GC heap after
Heap after GC invocations=8 (full 2):
 PSYoungGen      total 31232K, used 0K [0x00000007bc400000, 0x00000007c0000000, 0x00000007c0000000)
  eden space 23552K, 0% used [0x00000007bc400000,0x00000007bc400000,0x00000007bdb00000)
  from space 7680K, 0% used [0x00000007bf880000,0x00000007bf880000,0x00000007c0000000)
  to   space 18944K, 0% used [0x00000007bdb00000,0x00000007bdb00000,0x00000007bed80000)
 ParOldGen       total 123904K, used 26701K [0x0000000700000000, 0x0000000707900000, 0x00000007bc400000)
  object space 123904K, 21% used [0x0000000700000000,0x0000000701a135c8,0x0000000707900000)
 Metaspace       used 34734K, capacity 35053K, committed 35416K, reserved 1079296K
  class space    used 4944K, capacity 5034K, committed 5120K, reserved 1048576K
}

